# JRE version: Java(TM) SE Runtime Environment (7.0_80-b15) (build 1.7.0_80-b15)
# Java VM: Java HotSpot(TM) 64-Bit Server VM (24.80-b11 mixed mode windows-amd64 compressed oops)
Heap
 PSYoungGen      total 157184K, used 53764K [0x00000000eaa80000, 0x00000000f9680000, 0x0000000100000000)
  eden space 95232K, 17% used [0x00000000eaa80000,0x00000000ebb1ea98,0x00000000f0780000)
  from space 61952K, 59% used [0x00000000f0780000,0x00000000f2b627b8,0x00000000f4400000)
  to   space 61440K, 0% used [0x00000000f5a80000,0x00000000f5a80000,0x00000000f9680000)
 ParOldGen       total 116224K, used 76796K [0x00000000c0000000, 0x00000000c7180000, 0x00000000eaa80000)
  object space 116224K, 66% used [0x00000000c0000000,0x00000000c4aff180,0x00000000c7180000)
 PSPermGen       total 21504K, used 5583K [0x00000000bae00000, 0x00000000bc300000, 0x00000000c0000000)
  object space 21504K, 25% used [0x00000000bae00000,0x00000000bb373cc0,0x00000000bc300000)
GC Heap History (10 events):
Event: 15.473 GC heap before
{Heap before GC invocations=7 (full 1):
 PSYoungGen      total 79360K, used 79360K [0x00000000eaa80000, 0x00000000f3b80000, 0x0000000100000000)
  eden space 75776K, 100% used [0x00000000eaa80000,0x00000000ef480000,0x00000000ef480000)
  from space 3584K, 100% used [0x00000000f0c80000,0x00000000f1000000,0x00000000f1000000)
  to   space 36352K, 0% used [0x00000000f1800000,0x00000000f1800000,0x00000000f3b80000)
 ParOldGen       total 116224K, used 76730K [0x00000000c0000000, 0x00000000c7180000, 0x00000000eaa80000)
  object space 116224K, 66% used [0x00000000c0000000,0x00000000c4aeeb78,0x00000000c7180000)
 PSPermGen       total 21504K, used 5576K [0x00000000bae00000, 0x00000000bc300000, 0x00000000c0000000)
  object space 21504K, 25% used [0x00000000bae00000,0x00000000bb3723f0,0x00000000bc300000)
Event: 15.807 GC heap after
Heap after GC invocations=7 (full 1):
 PSYoungGen      total 103936K, used 36320K [0x00000000eaa80000, 0x00000000f5e00000, 0x0000000100000000)
  eden space 67584K, 0% used [0x00000000eaa80000,0x00000000eaa80000,0x00000000eec80000)
  from space 36352K, 99% used [0x00000000f1800000,0x00000000f3b781e8,0x00000000f3b80000)
  to   space 44544K, 0% used [0x00000000eec80000,0x00000000eec80000,0x00000000f1800000)
 ParOldGen       total 116224K, used 78764K [0x00000000c0000000, 0x00000000c7180000, 0x00000000eaa80000)
  object space 116224K, 67% used [0x00000000c0000000,0x00000000c4ceb120,0x00000000c7180000)
 PSPermGen       total 21504K, used 5576K [0x00000000bae00000, 0x00000000bc300000, 0x00000000c0000000)
  object space 21504K, 25% used [0x00000000bae00000,0x00000000bb3723f0,0x00000000bc300000)
}
Event: 16.216 GC heap before
{Heap before GC invocations=8 (full 1):
 PSYoungGen      total 103936K, used 103904K [0x00000000eaa80000, 0x00000000f5e00000, 0x0000000100000000)
  eden space 67584K, 100% used [0x00000000eaa80000,0x00000000eec80000,0x00000000eec80000)
  from space 36352K, 99% used [0x00000000f1800000,0x00000000f3b781e8,0x00000000f3b80000)
  to   space 44544K, 0% used [0x00000000eec80000,0x00000000eec80000,0x00000000f1800000)
 ParOldGen       total 116224K, used 78764K [0x00000000c0000000, 0x00000000c7180000, 0x00000000eaa80000)
  object space 116224K, 67% used [0x00000000c0000000,0x00000000c4ceb120,0x00000000c7180000)
 PSPermGen       total 21504K, used 5576K [0x00000000bae00000, 0x00000000bc300000, 0x00000000c0000000)
  object space 21504K, 25% used [0x00000000bae00000,0x00000000bb3723f0,0x00000000bc300000)
Event: 16.853 GC heap after
Heap after GC invocations=8 (full 1):
 PSYoungGen      total 112128K, used 44543K [0x00000000eaa80000, 0x00000000f8980000, 0x0000000100000000)
  eden space 67584K, 0% used [0x00000000eaa80000,0x00000000eaa80000,0x00000000eec80000)
  from space 44544K, 99% used [0x00000000eec80000,0x00000000f17ffff8,0x00000000f1800000)
  to   space 65536K, 0% used [0x00000000f4980000,0x00000000f4980000,0x00000000f8980000)
 ParOldGen       total 116224K, used 104767K [0x00000000c0000000, 0x00000000c7180000, 0x00000000eaa80000)
  object space 116224K, 90% used [0x00000000c0000000,0x00000000c664ff80,0x00000000c7180000)
 PSPermGen       total 21504K, used 5576K [0x00000000bae00000, 0x00000000bc300000, 0x00000000c0000000)
  object space 21504K, 25% used [0x00000000bae00000,0x00000000bb3723f0,0x00000000bc300000)
}
Event: 16.853 GC heap before
{Heap before GC invocations=9 (full 2):
 PSYoungGen      total 112128K, used 44543K [0x00000000eaa80000, 0x00000000f8980000, 0x0000000100000000)
  eden space 67584K, 0% used [0x00000000eaa80000,0x00000000eaa80000,0x00000000eec80000)
  from space 44544K, 99% used [0x00000000eec80000,0x00000000f17ffff8,0x00000000f1800000)
  to   space 65536K, 0% used [0x00000000f4980000,0x00000000f4980000,0x00000000f8980000)
 ParOldGen       total 116224K, used 104767K [0x00000000c0000000, 0x00000000c7180000, 0x00000000eaa80000)
  object space 116224K, 90% used [0x00000000c0000000,0x00000000c664ff80,0x00000000c7180000)
 PSPermGen       total 21504K, used 5576K [0x00000000bae00000, 0x00000000bc300000, 0x00000000c0000000)
  object space 21504K, 25% used [0x00000000bae00000,0x00000000bb3723f0,0x00000000bc300000)
Event: 18.848 GC heap after
Heap after GC invocations=9 (full 2):
 PSYoungGen      total 112128K, used 0K [0x00000000eaa80000, 0x00000000f8980000, 0x0000000100000000)
  eden space 67584K, 0% used [0x00000000eaa80000,0x00000000eaa80000,0x00000000eec80000)
  from space 44544K, 0% used [0x00000000eec80000,0x00000000eec80000,0x00000000f1800000)
  to   space 65536K, 0% used [0x00000000f4980000,0x00000000f4980000,0x00000000f8980000)
 ParOldGen       total 116224K, used 76796K [0x00000000c0000000, 0x00000000c7180000, 0x00000000eaa80000)
  object space 116224K, 66% used [0x00000000c0000000,0x00000000c4aff180,0x00000000c7180000)
 PSPermGen       total 21504K, used 5576K [0x00000000bae00000, 0x00000000bc300000, 0x00000000c0000000)
  object space 21504K, 25% used [0x00000000bae00000,0x00000000bb372290,0x00000000bc300000)
}
Event: 19.230 GC heap before
{Heap before GC invocations=10 (full 2):
 PSYoungGen      total 112128K, used 67584K [0x00000000eaa80000, 0x00000000f8980000, 0x0000000100000000)
  eden space 67584K, 100% used [0x00000000eaa80000,0x00000000eec80000,0x00000000eec80000)
  from space 44544K, 0% used [0x00000000eec80000,0x00000000eec80000,0x00000000f1800000)
  to   space 65536K, 0% used [0x00000000f4980000,0x00000000f4980000,0x00000000f8980000)
 ParOldGen       total 116224K, used 76796K [0x00000000c0000000, 0x00000000c7180000, 0x00000000eaa80000)
  object space 116224K, 66% used [0x00000000c0000000,0x00000000c4aff180,0x00000000c7180000)
 PSPermGen       total 21504K, used 5576K [0x00000000bae00000, 0x00000000bc300000, 0x00000000c0000000)
  object space 21504K, 25% used [0x00000000bae00000,0x00000000bb372290,0x00000000bc300000)
Event: 19.362 GC heap after
Heap after GC invocations=10 (full 2):
 PSYoungGen      total 151552K, used 25271K [0x00000000eaa80000, 0x00000000f8080000, 0x0000000100000000)
  eden space 95232K, 0% used [0x00000000eaa80000,0x00000000eaa80000,0x00000000f0780000)
  from space 56320K, 44% used [0x00000000f4980000,0x00000000f622dc18,0x00000000f8080000)
  to   space 61952K, 0% used [0x00000000f0780000,0x00000000f0780000,0x00000000f4400000)
 ParOldGen       total 116224K, used 76796K [0x00000000c0000000, 0x00000000c7180000, 0x00000000eaa80000)
  object space 116224K, 66% used [0x00000000c0000000,0x00000000c4aff180,0x00000000c7180000)
 PSPermGen       total 21504K, used 5576K [0x00000000bae00000, 0x00000000bc300000, 0x00000000c0000000)
  object space 21504K, 25% used [0x00000000bae00000,0x00000000bb372290,0x00000000bc300000)
}
Event: 20.357 GC heap before
{Heap before GC invocations=11 (full 2):
 PSYoungGen      total 151552K, used 120503K [0x00000000eaa80000, 0x00000000f8080000, 0x0000000100000000)
  eden space 95232K, 100% used [0x00000000eaa80000,0x00000000f0780000,0x00000000f0780000)
  from space 56320K, 44% used [0x00000000f4980000,0x00000000f622dc18,0x00000000f8080000)
  to   space 61952K, 0% used [0x00000000f0780000,0x00000000f0780000,0x00000000f4400000)
 ParOldGen       total 116224K, used 76796K [0x00000000c0000000, 0x00000000c7180000, 0x00000000eaa80000)
  object space 116224K, 66% used [0x00000000c0000000,0x00000000c4aff180,0x00000000c7180000)
 PSPermGen       total 21504K, used 5580K [0x00000000bae00000, 0x00000000bc300000, 0x00000000c0000000)
  object space 21504K, 25% used [0x00000000bae00000,0x00000000bb3731f0,0x00000000bc300000)
Event: 20.576 GC heap after
Heap after GC invocations=11 (full 2):
 PSYoungGen      total 157184K, used 36745K [0x00000000eaa80000, 0x00000000f9680000, 0x0000000100000000)
  eden space 95232K, 0% used [0x00000000eaa80000,0x00000000eaa80000,0x00000000f0780000)
  from space 61952K, 59% used [0x00000000f0780000,0x00000000f2b627b8,0x00000000f4400000)
  to   space 61440K, 0% used [0x00000000f5a80000,0x00000000f5a80000,0x00000000f9680000)
 ParOldGen       total 116224K, used 76796K [0x00000000c0000000, 0x00000000c7180000, 0x00000000eaa80000)
  object space 116224K, 66% used [0x00000000c0000000,0x00000000c4aff180,0x00000000c7180000)
 PSPermGen       total 21504K, used 5580K [0x00000000bae00000, 0x00000000bc300000, 0x00000000c0000000)
  object space 21504K, 25% used [0x00000000bae00000,0x00000000bb3731f0,0x00000000bc300000)
}

